<?xml version="1.0" encoding="UTF-8"?>
<testsuite name="com.peoplenet.cucumber.common.runner.RunCukesTest" tests="0" skipped="0" failures="0" errors="0" timestamp="1970-01-01T00:00:00" hostname="mroiens-MacBook-Pro.local" time="0.0">
  <properties/>
  <system-out><![CDATA[This is my second step
This is my final step
      | Fields   | Value         |
      | Name     | Tim Oien      |
      | Address  | Happy Land    |
      | Zip Code | 55409         |
      | Email    | kfh@gmail.com |

Your name is Tim Oien
After set up is done
These are the links home_link
This is the title Home
You are leaving the website: times 0
You are leaving the website: times 1
You are leaving the website: times 2
You are leaving the website: times 3
After set up is done
These are the links about_link
This is the title About Us
You are leaving the website: times 0
You are leaving the website: times 1
You are leaving the website: times 2
You are leaving the website: times 3
After set up is done
These are the links contact_us
This is the title Contact Us
You are leaving the website: times 0
You are leaving the website: times 1
You are leaving the website: times 2
You are leaving the website: times 3
After set up is done

4 Scenarios (?[32m4 passed?[0m)
16 Steps (?[32m16 passed?[0m)
0m0.113s

]]></system-out>
  <system-err><![CDATA[]]></system-err>
</testsuite>
