<?xml version="1.0" encoding="UTF-8"?>
<testsuite name="| contact_us | Contact Us |" tests="5" skipped="0" failures="0" errors="0" timestamp="2015-07-21T16:02:23" hostname="mroiens-MacBook-Pro.local" time="0.007">
  <properties/>
  <testcase name="Given I am at the site" classname="| contact_us | Contact Us |" time="0.0"/>
  <testcase name="When I click on contact_us" classname="| contact_us | Contact Us |" time="0.0"/>
  <testcase name="Then I check I am on Contact Us" classname="| contact_us | Contact Us |" time="0.0"/>
  <testcase name="And I leave the browser" classname="| contact_us | Contact Us |" time="0.0"/>
  <testcase name="classMethod" classname="| contact_us | Contact Us |" time="0.011"/>
  <system-out><![CDATA[Before set up
I entered the correct site
]]></system-out>
  <system-err><![CDATA[]]></system-err>
</testsuite>
