<?xml version="1.0" encoding="UTF-8"?>
<testsuite name="| home_link | Home |" tests="5" skipped="0" failures="0" errors="0" timestamp="2015-07-21T16:02:23" hostname="mroiens-MacBook-Pro.local" time="0.009">
  <properties/>
  <testcase name="Given I am at the site" classname="| home_link | Home |" time="0.001"/>
  <testcase name="When I click on home_link" classname="| home_link | Home |" time="0.0"/>
  <testcase name="Then I check I am on Home" classname="| home_link | Home |" time="0.0"/>
  <testcase name="And I leave the browser" classname="| home_link | Home |" time="0.0"/>
  <testcase name="classMethod" classname="| home_link | Home |" time="0.012"/>
  <system-out><![CDATA[Before set up
I entered the correct site
]]></system-out>
  <system-err><![CDATA[]]></system-err>
</testsuite>
